android/app/build/intermediates/manifest_merge_blame_file/debug/manifest-merger-blame-debug-report.txt
1<?xml version="1.0" encoding="utf-8"?>
2<manifest xmlns:android="http://schemas.android.com/apk/res/android"
3    package="com.dancingai"
4    android:versionCode="1"
5    android:versionName="1.0" >
6
7    <uses-sdk
8        android:minSdkVersion="21"
9        android:targetSdkVersion="34" />
10
11    <uses-permission android:name="android.permission.INTERNET" />
11-->src\main\AndroidManifest.xml:3:5-67
11-->src\main\AndroidManifest.xml:3:22-64
12    <uses-permission android:name="android.permission.WRITE_EXTERNAL_STORAGE" />
12-->[:react-native-fs] AndroidManifest.xml:7:5-81
12-->[:react-native-fs] AndroidManifest.xml:7:22-78
13    <uses-permission android:name="android.permission.READ_EXTERNAL_STORAGE" />
14    <!--
15    This manifest file is used only by Gradle to configure debug-only capabilities
16    for React Native Apps.
17    -->
18    <uses-permission android:name="android.permission.SYSTEM_ALERT_WINDOW" />
18-->[com.facebook.react:react-android:0.73.2] AndroidManifest.xml:16:5-78
18-->[com.facebook.react:react-android:0.73.2] AndroidManifest.xml:16:22-75
19
20    <permission
20-->[androidx.core:core:1.9.0] AndroidManifest.xml:22:5-24:47
21        android:name="com.dancingai.DYNAMIC_RECEIVER_NOT_EXPORTED_PERMISSION"
21-->[androidx.core:core:1.9.0] AndroidManifest.xml:23:9-81
22        android:protectionLevel="signature" />
22-->[androidx.core:core:1.9.0] AndroidManifest.xml:24:9-44
23
24    <uses-permission android:name="com.dancingai.DYNAMIC_RECEIVER_NOT_EXPORTED_PERMISSION" />
24-->[androidx.core:core:1.9.0] AndroidManifest.xml:26:5-97
24-->[androidx.core:core:1.9.0] AndroidManifest.xml:26:22-94
25
26    <application
26-->src\main\AndroidManifest.xml:5:5-24:19
27        android:name="com.dancingai.MainApplication"
27-->src\main\AndroidManifest.xml:6:7-38
28        android:allowBackup="false"
28-->src\main\AndroidManifest.xml:9:7-34
29        android:appComponentFactory="androidx.core.app.CoreComponentFactory"
29-->[androidx.core:core:1.9.0] AndroidManifest.xml:28:18-86
30        android:debuggable="true"
31        android:extractNativeLibs="true"
32        android:icon="@mipmap/ic_launcher"
32-->src\main\AndroidManifest.xml:8:7-41
33        android:label="@string/app_name"
33-->src\main\AndroidManifest.xml:7:7-39
34        android:theme="@style/AppTheme"
34-->src\main\AndroidManifest.xml:10:7-38
35        android:usesCleartextTraffic="true" >
35-->src\main\AndroidManifest.xml:11:7-42
36        <activity
36-->src\main\AndroidManifest.xml:12:7-23:18
37            android:name="com.dancingai.MainActivity"
37-->src\main\AndroidManifest.xml:13:9-37
38            android:exported="true"
38-->src\main\AndroidManifest.xml:14:9-32
39            android:launchMode="singleTop"
39-->src\main\AndroidManifest.xml:15:9-39
40            android:screenOrientation="portrait"
40-->src\main\AndroidManifest.xml:18:9-45
41            android:theme="@style/AppTheme"
41-->src\main\AndroidManifest.xml:16:9-40
42            android:windowSoftInputMode="adjustResize" >
42-->src\main\AndroidManifest.xml:17:9-51
43            <intent-filter>
43-->src\main\AndroidManifest.xml:19:9-22:25
44                <action android:name="android.intent.action.MAIN" />
44-->src\main\AndroidManifest.xml:20:13-65
44-->src\main\AndroidManifest.xml:20:21-62
45
46                <category android:name="android.intent.category.LAUNCHER" />
46-->src\main\AndroidManifest.xml:21:13-73
46-->src\main\AndroidManifest.xml:21:23-70
47            </intent-filter>
48        </activity>
49
50        <provider
50-->[:react-native-image-picker] AndroidManifest.xml:8:9-16:20
51            android:name="com.imagepicker.ImagePickerProvider"
51-->[:react-native-image-picker] AndroidManifest.xml:9:13-63
52            android:authorities="com.dancingai.imagepickerprovider"
52-->[:react-native-image-picker] AndroidManifest.xml:10:13-71
53            android:exported="false"
53-->[:react-native-image-picker] AndroidManifest.xml:11:13-37
54            android:grantUriPermissions="true" >
54-->[:react-native-image-picker] AndroidManifest.xml:12:13-47
55            <meta-data
55-->[:react-native-image-picker] AndroidManifest.xml:13:13-15:70
56                android:name="android.support.FILE_PROVIDER_PATHS"
56-->[:react-native-image-picker] AndroidManifest.xml:14:17-67
57                android:resource="@xml/imagepicker_provider_paths" />
57-->[:react-native-image-picker] AndroidManifest.xml:15:17-67
58        </provider>
59
60        <activity
60-->[com.facebook.react:react-android:0.73.2] AndroidManifest.xml:19:9-21:40
61            android:name="com.facebook.react.devsupport.DevSettingsActivity"
61-->[com.facebook.react:react-android:0.73.2] AndroidManifest.xml:20:13-77
62            android:exported="false" />
62-->[com.facebook.react:react-android:0.73.2] AndroidManifest.xml:21:13-37
63
64        <provider
64-->[androidx.emoji2:emoji2:1.2.0] AndroidManifest.xml:24:9-32:20
65            android:name="androidx.startup.InitializationProvider"
65-->[androidx.emoji2:emoji2:1.2.0] AndroidManifest.xml:25:13-67
66            android:authorities="com.dancingai.androidx-startup"
66-->[androidx.emoji2:emoji2:1.2.0] AndroidManifest.xml:26:13-68
67            android:exported="false" >
67-->[androidx.emoji2:emoji2:1.2.0] AndroidManifest.xml:27:13-37
68            <meta-data
68-->[androidx.emoji2:emoji2:1.2.0] AndroidManifest.xml:29:13-31:52
69                android:name="androidx.emoji2.text.EmojiCompatInitializer"
69-->[androidx.emoji2:emoji2:1.2.0] AndroidManifest.xml:30:17-75
70                android:value="androidx.startup" />
70-->[androidx.emoji2:emoji2:1.2.0] AndroidManifest.xml:31:17-49
71            <meta-data
71-->[androidx.lifecycle:lifecycle-process:2.4.1] AndroidManifest.xml:31:13-33:52
72                android:name="androidx.lifecycle.ProcessLifecycleInitializer"
72-->[androidx.lifecycle:lifecycle-process:2.4.1] AndroidManifest.xml:32:17-78
73                android:value="androidx.startup" />
73-->[androidx.lifecycle:lifecycle-process:2.4.1] AndroidManifest.xml:33:17-49
74        </provider>
75
76        <meta-data
76-->[com.facebook.soloader:soloader:0.10.5] AndroidManifest.xml:12:9-14:37
77            android:name="com.facebook.soloader.enabled"
77-->[com.facebook.soloader:soloader:0.10.5] AndroidManifest.xml:13:13-57
78            android:value="false" />
78-->[com.facebook.soloader:soloader:0.10.5] AndroidManifest.xml:14:13-34
79    </application>
80
81</manifest>